20230330T162235,lifecycle,RootPage,R
20230330T162235,lifecycle,HomePage,R
20230330T162235,lifecycle,SettingsPage,R
20230330T162235,lifecycle,StorePage,R
20230330T162235,lifecycle,LeaderboardPage,R
20230330T162235,lifecycle,ProfilePage,R
20230330T162235,lifecycle,ExplorePage,R
20230330T162257,lifecycle,RootPage,P
20230330T162257,lifecycle,HomePage,P
20230330T162257,lifecycle,SettingsPage,P
20230330T162257,lifecycle,StorePage,P
20230330T162257,lifecycle,LeaderboardPage,P
20230330T162257,lifecycle,ProfilePage,P
20230330T162257,lifecycle,ExplorePage,P
20230330T162257,lifecycle,GamePage,R
20230330T162259,lifecycle,GamePage,P
20230330T162301,lifecycle,GamePage,R
20230330T162306,svc,coin,167396,255.0,"swap"
20230330T162307,lifecycle,GamePage,P
20230330T162307,lifecycle,CreatedAgainPage,R
20230330T162308,svc,coin,167206,190.0,"create_again"
20230330T162308,lifecycle,GamePage,R
20230330T162309,lifecycle,CreatedAgainPage,P
20230330T162310,lifecycle,GamePage,P
20230330T162310,lifecycle,BlockUnlockPage,R
20230330T162313,evc,coin,167244,38.0,new_block_video
20230330T162314,lifecycle,GamePage,R
20230330T162314,lifecycle,BlockUnlockPage,P
20230330T162317,lifecycle,GamePage,P
20230330T162317,lifecycle,PausedPage,R
20230330T162318,lifecycle,GamePage,R
20230330T162318,lifecycle,PausedPage,P
20230330T162318,lifecycle,RootPage,R
20230330T162318,lifecycle,HomePage,R
20230330T162318,lifecycle,SettingsPage,R
20230330T162318,lifecycle,StorePage,R
20230330T162318,lifecycle,LeaderboardPage,R
20230330T162318,lifecycle,ProfilePage,R
20230330T162318,lifecycle,ExplorePage,R
20230330T162318,lifecycle,GamePage,P
20230330T162320,lifecycle,RootPage,P
20230330T162320,lifecycle,HomePage,P
20230330T162320,lifecycle,SettingsPage,P
20230330T162320,lifecycle,StorePage,P
20230330T162320,lifecycle,LeaderboardPage,P
20230330T162320,lifecycle,ProfilePage,P
20230330T162320,lifecycle,ExplorePage,P
20230330T162320,lifecycle,DailyRewardsPage,R
20230330T162322,lifecycle,DailyRewardsPage,P
20230330T162322,ads_load,R,
20230330T162325,ads_failed,R,,"Unknown"
20230330T162327,ads_load,R,
20230330T162327,ads_failed,R,,"Unknown"
20230330T162332,ads_load,R,
20230330T162332,ads_failed,R,,"Unknown"
20230330T162337,ads_load,R,
20230330T162337,ads_failed,R,,"Unknown"
20230330T162337,lifecycle,DailyRewardsPage,R
20230330T162341,evc,coin,167294,50.0,daily_reward
20230330T162343,lifecycle,RootPage,R
20230330T162343,lifecycle,HomePage,R
20230330T162343,lifecycle,SettingsPage,R
20230330T162343,lifecycle,StorePage,R
20230330T162343,lifecycle,LeaderboardPage,R
20230330T162343,lifecycle,ProfilePage,R
20230330T162343,lifecycle,ExplorePage,R
20230330T162343,lifecycle,DailyRewardsPage,P
20230330T162344,lifecycle,RootPage,P
20230330T162344,lifecycle,HomePage,P
20230330T162344,lifecycle,SettingsPage,P
20230330T162344,lifecycle,StorePage,P
20230330T162344,lifecycle,LeaderboardPage,P
20230330T162344,lifecycle,ProfilePage,P
20230330T162344,lifecycle,ExplorePage,P
20230330T162344,lifecycle,DailyQuestPage,R
20230330T162347,evc,coin,167394,100.0,daily_quests_sub
20230330T162349,lifecycle,RootPage,R
20230330T162349,lifecycle,HomePage,R
20230330T162349,lifecycle,SettingsPage,R
20230330T162349,lifecycle,StorePage,R
20230330T162349,lifecycle,LeaderboardPage,R
20230330T162349,lifecycle,ProfilePage,R
20230330T162349,lifecycle,ExplorePage,R
20230330T162349,lifecycle,DailyQuestPage,P
20230330T162442,lifecycle,RootPage,P
20230330T162442,lifecycle,HomePage,P
20230330T162442,lifecycle,SettingsPage,P
20230330T162442,lifecycle,StorePage,P
20230330T162442,lifecycle,LeaderboardPage,P
20230330T162442,lifecycle,ProfilePage,P
20230330T162442,lifecycle,ExplorePage,P
20230330T162442,lifecycle,DailyRewardsPage,R
20230330T162444,lifecycle,RootPage,R
20230330T162444,lifecycle,HomePage,R
20230330T162444,lifecycle,SettingsPage,R
20230330T162444,lifecycle,StorePage,R
20230330T162444,lifecycle,LeaderboardPage,R
20230330T162444,lifecycle,ProfilePage,R
20230330T162444,lifecycle,ExplorePage,R
20230330T162444,lifecycle,DailyRewardsPage,P
20230330T162445,lifecycle,RootPage,P
20230330T162445,lifecycle,HomePage,P
20230330T162445,lifecycle,SettingsPage,P
20230330T162445,lifecycle,StorePage,P
20230330T162445,lifecycle,LeaderboardPage,P
20230330T162445,lifecycle,ProfilePage,P
20230330T162445,lifecycle,ExplorePage,P
20230330T162445,lifecycle,GamePage,R
20230330T162445,lifecycle,GamePage,P
20230330T162446,lifecycle,GamePage,R
20230330T162456,svc,coin,167129,265.0,"swap"
20230330T162503,svc,coin,166864,265.0,"swap"
20230330T162518,lifecycle,GamePage,P
20230330T162518,lifecycle,PausedPage,R
20230330T162519,lifecycle,GamePage,R
20230330T162519,lifecycle,PausedPage,P
20230330T162519,lifecycle,RootPage,R
20230330T162519,lifecycle,HomePage,R
20230330T162519,lifecycle,SettingsPage,R
20230330T162519,lifecycle,StorePage,R
20230330T162519,lifecycle,LeaderboardPage,R
20230330T162519,lifecycle,ProfilePage,R
20230330T162519,lifecycle,ExplorePage,R
20230330T162519,lifecycle,GamePage,P
20230330T163907,lifecycle,RootPage,P
20230330T163907,lifecycle,HomePage,P
20230330T163907,lifecycle,SettingsPage,P
20230330T163907,lifecycle,StorePage,P
20230330T163907,lifecycle,LeaderboardPage,P
20230330T163907,lifecycle,ProfilePage,P
20230330T163907,lifecycle,ExplorePage,P
20230330T163907,lifecycle,GamePage,R
20230330T163908,lifecycle,GamePage,P
20230330T163909,lifecycle,GamePage,R
20230330T164045,lifecycle,GamePage,P
20230330T164045,lifecycle,PausedPage,R
20230330T164046,lifecycle,GamePage,R
20230330T164046,lifecycle,PausedPage,P
20230330T164046,lifecycle,RootPage,R
20230330T164046,lifecycle,HomePage,R
20230330T164046,lifecycle,SettingsPage,R
20230330T164046,lifecycle,StorePage,R
20230330T164046,lifecycle,LeaderboardPage,R
20230330T164046,lifecycle,ProfilePage,R
20230330T164046,lifecycle,ExplorePage,R
20230330T164046,lifecycle,GamePage,P
20230330T164139,lifecycle,RootPage,P
20230330T164139,lifecycle,HomePage,P
20230330T164139,lifecycle,SettingsPage,P
20230330T164139,lifecycle,StorePage,P
20230330T164139,lifecycle,LeaderboardPage,P
20230330T164139,lifecycle,ProfilePage,P
20230330T164139,lifecycle,ExplorePage,P
20230330T164139,lifecycle,DropPage,R
20230401T151440,lifecycle,DropPage,P
20230401T151440,lifecycle,OutOfMovesPage,R
20230401T211317,lifecycle,OutOfMovesPage,P
20230401T211321,lifecycle,OutOfMovesPage,R
20230401T211322,lifecycle,OutOfMovesPage,P
20230401T211323,lifecycle,DropPage,R
20230401T211328,lifecycle,DropPage,P
20230401T211328,lifecycle,PausedPage,R
20230401T211330,lifecycle,DropPage,R
20230401T211330,lifecycle,PausedPage,P
20230401T211330,lifecycle,RootPage,R
20230401T211330,lifecycle,HomePage,R
20230401T211330,lifecycle,SettingsPage,R
20230401T211330,lifecycle,StorePage,R
20230401T211330,lifecycle,LeaderboardPage,R
20230401T211330,lifecycle,ProfilePage,R
20230401T211330,lifecycle,ExplorePage,R
20230401T211330,lifecycle,DropPage,P
20230401T232009,lifecycle,RootPage,P
20230401T232009,lifecycle,HomePage,P
20230401T232009,lifecycle,SettingsPage,P
20230401T232009,lifecycle,StorePage,P
20230401T232009,lifecycle,LeaderboardPage,P
20230401T232009,lifecycle,ProfilePage,P
20230401T232009,lifecycle,ExplorePage,P
20230401T232009,lifecycle,GamePage,R
20230401T232010,lifecycle,GamePage,P
20230401T232011,lifecycle,GamePage,R
20230401T232022,svc,coin,166599,265.0,"swap"
20230401T232027,lifecycle,GamePage,P
20230401T232027,lifecycle,PausedPage,R
20230401T232029,lifecycle,GamePage,R
20230401T232029,lifecycle,PausedPage,P
20230401T232029,lifecycle,RootPage,R
20230401T232029,lifecycle,HomePage,R
20230401T232029,lifecycle,SettingsPage,R
20230401T232029,lifecycle,StorePage,R
20230401T232029,lifecycle,LeaderboardPage,R
20230401T232029,lifecycle,ProfilePage,R
20230401T232029,lifecycle,ExplorePage,R
20230401T232029,lifecycle,GamePage,P
20230401T232031,lifecycle,RootPage,P
20230401T232031,lifecycle,HomePage,P
20230401T232031,lifecycle,SettingsPage,P
20230401T232031,lifecycle,StorePage,P
20230401T232031,lifecycle,LeaderboardPage,P
20230401T232031,lifecycle,ProfilePage,P
20230401T232031,lifecycle,ExplorePage,P
20230401T232031,lifecycle,DailyRewardsPage,R
20230401T232034,evc,coin,166649,50.0,daily_reward
20230401T232035,lifecycle,RootPage,R
20230401T232035,lifecycle,HomePage,R
20230401T232035,lifecycle,SettingsPage,R
20230401T232035,lifecycle,StorePage,R
20230401T232035,lifecycle,LeaderboardPage,R
20230401T232035,lifecycle,ProfilePage,R
20230401T232035,lifecycle,ExplorePage,R
20230401T232035,lifecycle,DailyRewardsPage,P
20230403T112944,lifecycle,RootPage,R
20230403T112944,lifecycle,HomePage,R
20230403T112944,lifecycle,SettingsPage,R
20230403T112944,lifecycle,StorePage,R
20230403T112944,lifecycle,LeaderboardPage,R
20230403T112944,lifecycle,ProfilePage,R
20230403T112944,lifecycle,ExplorePage,R
20230403T112948,lifecycle,RootPage,P
20230403T112948,lifecycle,HomePage,P
20230403T112948,lifecycle,SettingsPage,P
20230403T112948,lifecycle,StorePage,P
20230403T112948,lifecycle,LeaderboardPage,P
20230403T112948,lifecycle,ProfilePage,P
20230403T112948,lifecycle,ExplorePage,P
20230403T112948,lifecycle,DailyRewardsPage,R
20230403T113000,lifecycle,RootPage,R
20230403T113000,lifecycle,HomePage,R
20230403T113000,lifecycle,SettingsPage,R
20230403T113000,lifecycle,StorePage,R
20230403T113000,lifecycle,LeaderboardPage,R
20230403T113000,lifecycle,ProfilePage,R
20230403T113000,lifecycle,ExplorePage,R
20230403T113000,lifecycle,DailyRewardsPage,P
20230403T113001,lifecycle,RootPage,P
20230403T113001,lifecycle,HomePage,P
20230403T113001,lifecycle,SettingsPage,P
20230403T113001,lifecycle,StorePage,P
20230403T113001,lifecycle,LeaderboardPage,P
20230403T113001,lifecycle,ProfilePage,P
20230403T113001,lifecycle,ExplorePage,P
20230403T113001,lifecycle,GamePage,R
20230403T113004,lifecycle,GamePage,P
20230403T113005,lifecycle,GamePage,R
20230403T113007,lifecycle,GamePage,P
20230403T113007,lifecycle,PausedPage,R
20230403T113008,lifecycle,GamePage,R
20230403T113008,lifecycle,PausedPage,P
20230403T113008,lifecycle,RootPage,R
20230403T113008,lifecycle,HomePage,R
20230403T113008,lifecycle,SettingsPage,R
20230403T113008,lifecycle,StorePage,R
20230403T113008,lifecycle,LeaderboardPage,R
20230403T113008,lifecycle,ProfilePage,R
20230403T113008,lifecycle,ExplorePage,R
20230403T113008,lifecycle,GamePage,P
20230403T113013,lifecycle,RootPage,P
20230403T113013,lifecycle,HomePage,P
20230403T113013,lifecycle,SettingsPage,P
20230403T113013,lifecycle,StorePage,P
20230403T113013,lifecycle,LeaderboardPage,P
20230403T113013,lifecycle,ProfilePage,P
20230403T113013,lifecycle,ExplorePage,P
20230403T113014,lifecycle,DropPage,R
20230403T113033,lifecycle,DropPage,P
20230403T113033,lifecycle,PausedPage,R
20230403T113034,lifecycle,DropPage,R
20230403T113034,lifecycle,PausedPage,P
20230403T113034,lifecycle,RootPage,R
20230403T113034,lifecycle,HomePage,R
20230403T113034,lifecycle,SettingsPage,R
20230403T113034,lifecycle,StorePage,R
20230403T113034,lifecycle,LeaderboardPage,R
20230403T113034,lifecycle,ProfilePage,R
20230403T113034,lifecycle,ExplorePage,R
20230403T113034,lifecycle,DropPage,P
20230403T113038,lifecycle,RootPage,P
20230403T113038,lifecycle,HomePage,P
20230403T113038,lifecycle,SettingsPage,P
20230403T113038,lifecycle,StorePage,P
20230403T113038,lifecycle,LeaderboardPage,P
20230403T113038,lifecycle,ProfilePage,P
20230403T113038,lifecycle,ExplorePage,P
20230403T113038,lifecycle,DropPage,R
20230403T113044,lifecycle,DropPage,P
20230403T113044,lifecycle,PausedPage,R
20230403T114430,lifecycle,RootPage,R
20230403T114430,lifecycle,HomePage,R
20230403T114430,lifecycle,SettingsPage,R
20230403T114430,lifecycle,StorePage,R
20230403T114430,lifecycle,LeaderboardPage,R
20230403T114430,lifecycle,ProfilePage,R
20230403T114430,lifecycle,ExplorePage,R
20230403T115700,lifecycle,RootPage,P
20230403T115700,lifecycle,HomePage,P
20230403T115700,lifecycle,SettingsPage,P
20230403T115700,lifecycle,StorePage,P
20230403T115700,lifecycle,LeaderboardPage,P
20230403T115700,lifecycle,ProfilePage,P
20230403T115700,lifecycle,ExplorePage,P
20230403T115700,lifecycle,GamePage,R
20230403T115702,lifecycle,GamePage,P
20230403T115703,lifecycle,GamePage,R
20230403T115704,lifecycle,GamePage,P
20230403T115704,lifecycle,PausedPage,R
20230403T115705,lifecycle,GamePage,R
20230403T115705,lifecycle,PausedPage,P
20230403T115705,lifecycle,RootPage,R
20230403T115705,lifecycle,HomePage,R
20230403T115705,lifecycle,SettingsPage,R
20230403T115705,lifecycle,StorePage,R
20230403T115705,lifecycle,LeaderboardPage,R
20230403T115705,lifecycle,ProfilePage,R
20230403T115705,lifecycle,ExplorePage,R
20230403T115705,lifecycle,GamePage,P
20230403T115708,lifecycle,RootPage,P
20230403T115708,lifecycle,HomePage,P
20230403T115708,lifecycle,SettingsPage,P
20230403T115708,lifecycle,StorePage,P
20230403T115708,lifecycle,LeaderboardPage,P
20230403T115708,lifecycle,ProfilePage,P
20230403T115708,lifecycle,ExplorePage,P
20230403T115708,lifecycle,DropPage,R
20230403T115711,lifecycle,DropPage,P
20230403T115712,lifecycle,DropPage,R
20230403T115714,lifecycle,DropPage,P
20230403T115714,lifecycle,PausedPage,R
20230403T115715,lifecycle,DropPage,R
20230403T115715,lifecycle,PausedPage,P
20230403T115715,lifecycle,RootPage,R
20230403T115715,lifecycle,HomePage,R
20230403T115715,lifecycle,SettingsPage,R
20230403T115715,lifecycle,StorePage,R
20230403T115715,lifecycle,LeaderboardPage,R
20230403T115715,lifecycle,ProfilePage,R
20230403T115715,lifecycle,ExplorePage,R
20230403T115715,lifecycle,DropPage,P
20230403T123235,lifecycle,RootPage,P
20230403T123235,lifecycle,HomePage,P
20230403T123235,lifecycle,SettingsPage,P
20230403T123235,lifecycle,StorePage,P
20230403T123235,lifecycle,LeaderboardPage,P
20230403T123235,lifecycle,ProfilePage,P
20230403T123235,lifecycle,ExplorePage,P
20230403T123236,lifecycle,DropPage,R
20230403T123240,lifecycle,DropPage,P
20230403T123340,lifecycle,RootPage,R
20230403T123340,lifecycle,HomePage,R
20230403T123340,lifecycle,SettingsPage,R
20230403T123340,lifecycle,StorePage,R
20230403T123340,lifecycle,LeaderboardPage,R
20230403T123340,lifecycle,ProfilePage,R
20230403T123340,lifecycle,ExplorePage,R
20230403T123403,lifecycle,RootPage,P
20230403T123403,lifecycle,HomePage,P
20230403T123403,lifecycle,SettingsPage,P
20230403T123403,lifecycle,StorePage,P
20230403T123403,lifecycle,LeaderboardPage,P
20230403T123403,lifecycle,ProfilePage,P
20230403T123403,lifecycle,ExplorePage,P
20230403T123403,lifecycle,DropPage,R
20230403T123408,lifecycle,DropPage,P
20230403T123409,lifecycle,DropPage,R
20230403T123411,lifecycle,DropPage,P
20230403T123411,lifecycle,PausedPage,R
20230403T123412,lifecycle,DropPage,R
20230403T123412,lifecycle,PausedPage,P
20230403T123413,lifecycle,RootPage,R
20230403T123413,lifecycle,HomePage,R
20230403T123413,lifecycle,SettingsPage,R
20230403T123413,lifecycle,StorePage,R
20230403T123413,lifecycle,LeaderboardPage,R
20230403T123413,lifecycle,ProfilePage,R
20230403T123413,lifecycle,ExplorePage,R
20230403T123413,lifecycle,DropPage,P
20230403T124745,lifecycle,RootPage,P
20230403T124745,lifecycle,HomePage,P
20230403T124745,lifecycle,SettingsPage,P
20230403T124745,lifecycle,StorePage,P
20230403T124745,lifecycle,LeaderboardPage,P
20230403T124745,lifecycle,ProfilePage,P
20230403T124745,lifecycle,ExplorePage,P
20230403T124745,lifecycle,DropPage,R
20230403T124748,lifecycle,DropPage,P
20230403T124750,lifecycle,DropPage,R
20230403T124757,lifecycle,DropPage,P
20230403T124757,lifecycle,PausedPage,R
20230403T124944,lifecycle,DropPage,R
20230403T124944,lifecycle,PausedPage,P
20230403T124944,lifecycle,RootPage,R
20230403T124944,lifecycle,HomePage,R
20230403T124944,lifecycle,SettingsPage,R
20230403T124944,lifecycle,StorePage,R
20230403T124944,lifecycle,LeaderboardPage,R
20230403T124944,lifecycle,ProfilePage,R
20230403T124944,lifecycle,ExplorePage,R
20230403T124944,lifecycle,DropPage,P
20230403T124950,lifecycle,RootPage,P
20230403T124950,lifecycle,HomePage,P
20230403T124950,lifecycle,SettingsPage,P
20230403T124950,lifecycle,StorePage,P
20230403T124950,lifecycle,LeaderboardPage,P
20230403T124950,lifecycle,ProfilePage,P
20230403T124950,lifecycle,ExplorePage,P
20230403T124950,lifecycle,DropPage,R
20230403T124956,lifecycle,DropPage,P
20230403T124958,lifecycle,DropPage,R
20230403T124959,lifecycle,DropPage,P
20230403T124959,lifecycle,PausedPage,R
20230403T125000,lifecycle,DropPage,R
20230403T125000,lifecycle,PausedPage,P
20230403T125000,lifecycle,RootPage,R
20230403T125000,lifecycle,HomePage,R
20230403T125000,lifecycle,SettingsPage,R
20230403T125000,lifecycle,StorePage,R
20230403T125000,lifecycle,LeaderboardPage,R
20230403T125000,lifecycle,ProfilePage,R
20230403T125000,lifecycle,ExplorePage,R
20230403T125000,lifecycle,DropPage,P
20230403T125801,lifecycle,RootPage,R
20230403T125801,lifecycle,HomePage,R
20230403T125801,lifecycle,SettingsPage,R
20230403T125801,lifecycle,StorePage,R
20230403T125801,lifecycle,LeaderboardPage,R
20230403T125801,lifecycle,ProfilePage,R
20230403T125801,lifecycle,ExplorePage,R
20230403T125939,lifecycle,RootPage,P
20230403T125939,lifecycle,HomePage,P
20230403T125939,lifecycle,SettingsPage,P
20230403T125939,lifecycle,StorePage,P
20230403T125939,lifecycle,LeaderboardPage,P
20230403T125939,lifecycle,ProfilePage,P
20230403T125939,lifecycle,ExplorePage,P
20230403T125939,lifecycle,DropPage,R
20230403T125940,lifecycle,DropPage,P
20230403T125942,lifecycle,DropPage,R
20230403T125948,lifecycle,DropPage,P
20230403T125948,lifecycle,PausedPage,R
20230403T125950,lifecycle,DropPage,R
20230403T125950,lifecycle,PausedPage,P
20230403T125950,lifecycle,RootPage,R
20230403T125950,lifecycle,HomePage,R
20230403T125950,lifecycle,SettingsPage,R
20230403T125950,lifecycle,StorePage,R
20230403T125950,lifecycle,LeaderboardPage,R
20230403T125950,lifecycle,ProfilePage,R
20230403T125950,lifecycle,ExplorePage,R
20230403T125950,lifecycle,DropPage,P
20230403T132120,lifecycle,RootPage,P
20230403T132120,lifecycle,HomePage,P
20230403T132120,lifecycle,SettingsPage,P
20230403T132120,lifecycle,StorePage,P
20230403T132120,lifecycle,LeaderboardPage,P
20230403T132120,lifecycle,ProfilePage,P
20230403T132120,lifecycle,ExplorePage,P
20230403T132120,lifecycle,DropPage,R
20230403T132121,lifecycle,DropPage,P
20230403T132123,lifecycle,DropPage,R
20230403T132200,lifecycle,DropPage,P
20230403T132200,lifecycle,PausedPage,R
20230403T132208,lifecycle,DropPage,R
20230403T132208,lifecycle,PausedPage,P
20230403T132208,lifecycle,RootPage,R
20230403T132208,lifecycle,HomePage,R
20230403T132208,lifecycle,SettingsPage,R
20230403T132208,lifecycle,StorePage,R
20230403T132208,lifecycle,LeaderboardPage,R
20230403T132208,lifecycle,ProfilePage,R
20230403T132208,lifecycle,ExplorePage,R
20230403T132208,lifecycle,DropPage,P
20230403T132208,lifecycle,RootPage,P
20230403T132208,lifecycle,HomePage,P
20230403T132208,lifecycle,SettingsPage,P
20230403T132208,lifecycle,StorePage,P
20230403T132208,lifecycle,LeaderboardPage,P
20230403T132208,lifecycle,ProfilePage,P
20230403T132208,lifecycle,ExplorePage,P
20230403T132208,lifecycle,DropPage,R
20230403T132209,lifecycle,DropPage,P
20230403T132210,lifecycle,DropPage,R
20230403T132211,lifecycle,DropPage,P
20230403T132211,lifecycle,PausedPage,R
20230403T132212,lifecycle,DropPage,R
20230403T132212,lifecycle,PausedPage,P
20230403T132212,lifecycle,RootPage,R
20230403T132212,lifecycle,HomePage,R
20230403T132212,lifecycle,SettingsPage,R
20230403T132212,lifecycle,StorePage,R
20230403T132212,lifecycle,LeaderboardPage,R
20230403T132212,lifecycle,ProfilePage,R
20230403T132212,lifecycle,ExplorePage,R
20230403T132212,lifecycle,DropPage,P
20230403T132213,lifecycle,RootPage,P
20230403T132213,lifecycle,HomePage,P
20230403T132213,lifecycle,SettingsPage,P
20230403T132213,lifecycle,StorePage,P
20230403T132213,lifecycle,LeaderboardPage,P
20230403T132213,lifecycle,ProfilePage,P
20230403T132213,lifecycle,ExplorePage,P
20230403T132213,lifecycle,DropPage,R
20230403T132214,lifecycle,DropPage,P
20230403T132216,lifecycle,DropPage,R
20230403T132226,lifecycle,DropPage,P
20230403T132226,lifecycle,PausedPage,R
20230403T132847,lifecycle,DropPage,R
20230403T132847,lifecycle,PausedPage,P
20230403T132847,lifecycle,RootPage,R
20230403T132847,lifecycle,HomePage,R
20230403T132847,lifecycle,SettingsPage,R
20230403T132847,lifecycle,StorePage,R
20230403T132847,lifecycle,LeaderboardPage,R
20230403T132847,lifecycle,ProfilePage,R
20230403T132847,lifecycle,ExplorePage,R
20230403T132847,lifecycle,DropPage,P
20230403T133056,lifecycle,RootPage,P
20230403T133056,lifecycle,HomePage,P
20230403T133056,lifecycle,SettingsPage,P
20230403T133056,lifecycle,StorePage,P
20230403T133056,lifecycle,LeaderboardPage,P
20230403T133056,lifecycle,ProfilePage,P
20230403T133056,lifecycle,ExplorePage,P
20230403T133056,lifecycle,DropPage,R
20230403T133057,lifecycle,DropPage,P
20230403T133059,lifecycle,DropPage,R
20230403T133238,lifecycle,DropPage,P
20230403T133238,lifecycle,PausedPage,R
20230403T133347,lifecycle,RootPage,R
20230403T133347,lifecycle,HomePage,R
20230403T133347,lifecycle,SettingsPage,R
20230403T133347,lifecycle,StorePage,R
20230403T133347,lifecycle,LeaderboardPage,R
20230403T133347,lifecycle,ProfilePage,R
20230403T133347,lifecycle,ExplorePage,R
20230403T133402,lifecycle,RootPage,P
20230403T133402,lifecycle,HomePage,P
20230403T133402,lifecycle,SettingsPage,P
20230403T133402,lifecycle,StorePage,P
20230403T133402,lifecycle,LeaderboardPage,P
20230403T133402,lifecycle,ProfilePage,P
20230403T133402,lifecycle,ExplorePage,P
20230403T133402,lifecycle,DropPage,R
20230403T133404,lifecycle,DropPage,P
20230403T133406,lifecycle,DropPage,R
20230403T133507,lifecycle,DropPage,P
20230403T133507,lifecycle,PausedPage,R
20230403T133840,lifecycle,RootPage,R
20230403T133840,lifecycle,HomePage,R
20230403T133840,lifecycle,SettingsPage,R
20230403T133840,lifecycle,StorePage,R
20230403T133840,lifecycle,LeaderboardPage,R
20230403T133840,lifecycle,ProfilePage,R
20230403T133840,lifecycle,ExplorePage,R
20230403T133939,lifecycle,RootPage,P
20230403T133939,lifecycle,HomePage,P
20230403T133939,lifecycle,SettingsPage,P
20230403T133939,lifecycle,StorePage,P
20230403T133939,lifecycle,LeaderboardPage,P
20230403T133939,lifecycle,ProfilePage,P
20230403T133939,lifecycle,ExplorePage,P
20230403T133942,lifecycle,RootPage,R
20230403T133942,lifecycle,HomePage,R
20230403T133942,lifecycle,SettingsPage,R
20230403T133942,lifecycle,StorePage,R
20230403T133942,lifecycle,LeaderboardPage,R
20230403T133942,lifecycle,ProfilePage,R
20230403T133942,lifecycle,ExplorePage,R
20230403T133944,lifecycle,RootPage,P
20230403T133944,lifecycle,HomePage,P
20230403T133944,lifecycle,SettingsPage,P
20230403T133944,lifecycle,StorePage,P
20230403T133944,lifecycle,LeaderboardPage,P
20230403T133944,lifecycle,ProfilePage,P
20230403T133944,lifecycle,ExplorePage,P
20230403T133944,lifecycle,DropPage,R
20230403T133945,lifecycle,DropPage,P
20230403T133947,lifecycle,DropPage,R
20230403T134004,lifecycle,DropPage,P
20230403T134005,lifecycle,PausedPage,R
20230403T134008,lifecycle,DropPage,R
20230403T134008,lifecycle,PausedPage,P
20230403T134011,lifecycle,DropPage,P
20230403T134011,lifecycle,PausedPage,R
20230403T134014,lifecycle,DropPage,R
20230403T134014,lifecycle,PausedPage,P
20230403T134015,lifecycle,DropPage,P
20230403T134015,lifecycle,PausedPage,R
20230403T134022,lifecycle,DropPage,R
20230403T134022,lifecycle,PausedPage,P
20230403T134025,lifecycle,DropPage,P
20230403T134025,lifecycle,PausedPage,R
20230403T134116,lifecycle,DropPage,R
20230403T134116,lifecycle,PausedPage,P
20230403T134118,lifecycle,DropPage,P
20230403T134118,lifecycle,PausedPage,R
20230403T134521,lifecycle,RootPage,R
20230403T134521,lifecycle,HomePage,R
20230403T134521,lifecycle,SettingsPage,R
20230403T134521,lifecycle,StorePage,R
20230403T134521,lifecycle,LeaderboardPage,R
20230403T134521,lifecycle,ProfilePage,R
20230403T134521,lifecycle,ExplorePage,R
20230403T134657,lifecycle,RootPage,P
20230403T134657,lifecycle,HomePage,P
20230403T134657,lifecycle,SettingsPage,P
20230403T134657,lifecycle,StorePage,P
20230403T134657,lifecycle,LeaderboardPage,P
20230403T134657,lifecycle,ProfilePage,P
20230403T134657,lifecycle,ExplorePage,P
20230403T134657,lifecycle,DropPage,R
20230403T134659,lifecycle,DropPage,P
20230403T134701,lifecycle,DropPage,R
20230403T134722,lifecycle,DropPage,P
20230403T134722,lifecycle,PausedPage,R
20230403T135118,lifecycle,RootPage,R
20230403T135118,lifecycle,HomePage,R
20230403T135118,lifecycle,SettingsPage,R
20230403T135118,lifecycle,StorePage,R
20230403T135118,lifecycle,LeaderboardPage,R
20230403T135118,lifecycle,ProfilePage,R
20230403T135118,lifecycle,ExplorePage,R
20230403T135258,lifecycle,RootPage,P
20230403T135258,lifecycle,HomePage,P
20230403T135258,lifecycle,SettingsPage,P
20230403T135258,lifecycle,StorePage,P
20230403T135258,lifecycle,LeaderboardPage,P
20230403T135258,lifecycle,ProfilePage,P
20230403T135258,lifecycle,ExplorePage,P
20230403T135258,lifecycle,DropPage,R
20230403T135300,lifecycle,DropPage,P
20230403T135301,lifecycle,DropPage,R
20230403T135358,lifecycle,DropPage,P
20230403T135358,lifecycle,PausedPage,R
20230403T140059,lifecycle,DropPage,R
20230403T140059,lifecycle,PausedPage,P
20230403T140110,lifecycle,DropPage,P
20230403T140110,lifecycle,PausedPage,R
20230403T140315,lifecycle,DropPage,R
20230403T140315,lifecycle,PausedPage,P
20230403T140354,lifecycle,DropPage,P
20230403T140354,lifecycle,PausedPage,R
20230403T140355,lifecycle,DropPage,R
20230403T140355,lifecycle,PausedPage,P
20230403T140355,lifecycle,RootPage,R
20230403T140355,lifecycle,HomePage,R
20230403T140355,lifecycle,SettingsPage,R
20230403T140355,lifecycle,StorePage,R
20230403T140355,lifecycle,LeaderboardPage,R
20230403T140355,lifecycle,ProfilePage,R
20230403T140355,lifecycle,ExplorePage,R
20230403T140355,lifecycle,DropPage,P
20230403T140643,lifecycle,RootPage,P
20230403T140643,lifecycle,HomePage,P
20230403T140643,lifecycle,SettingsPage,P
20230403T140643,lifecycle,StorePage,P
20230403T140643,lifecycle,LeaderboardPage,P
20230403T140643,lifecycle,ProfilePage,P
20230403T140643,lifecycle,ExplorePage,P
20230403T140643,lifecycle,DropPage,R
20230403T140644,lifecycle,DropPage,P
20230403T140646,lifecycle,DropPage,R
20230403T140652,lifecycle,DropPage,P
20230403T140652,lifecycle,PausedPage,R
20230403T140711,lifecycle,DropPage,R
20230403T140711,lifecycle,PausedPage,P
20230403T140713,lifecycle,DropPage,P
20230403T140713,lifecycle,PausedPage,R
20230403T140720,lifecycle,DropPage,R
20230403T140720,lifecycle,PausedPage,P
20230403T140723,lifecycle,DropPage,P
20230403T140723,lifecycle,PausedPage,R
20230403T140801,lifecycle,DropPage,R
20230403T140801,lifecycle,PausedPage,P
20230403T140805,lifecycle,DropPage,P
20230403T140805,lifecycle,PausedPage,R
20230403T140827,lifecycle,DropPage,R
20230403T140827,lifecycle,PausedPage,P
20230403T140856,lifecycle,DropPage,P
20230403T140856,lifecycle,PausedPage,R
20230403T141006,lifecycle,DropPage,R
20230403T141006,lifecycle,PausedPage,P
20230403T141008,lifecycle,DropPage,P
20230403T141008,lifecycle,PausedPage,R
20230403T141009,lifecycle,DropPage,R
20230403T141009,lifecycle,PausedPage,P
20230403T141009,lifecycle,RootPage,R
20230403T141009,lifecycle,HomePage,R
20230403T141009,lifecycle,SettingsPage,R
20230403T141009,lifecycle,StorePage,R
20230403T141009,lifecycle,LeaderboardPage,R
20230403T141009,lifecycle,ProfilePage,R
20230403T141009,lifecycle,ExplorePage,R
20230403T141009,lifecycle,DropPage,P
20230403T141101,lifecycle,RootPage,R
20230403T141101,lifecycle,HomePage,R
20230403T141101,lifecycle,SettingsPage,R
20230403T141101,lifecycle,StorePage,R
20230403T141101,lifecycle,LeaderboardPage,R
20230403T141101,lifecycle,ProfilePage,R
20230403T141101,lifecycle,ExplorePage,R
20230403T141112,lifecycle,RootPage,P
20230403T141112,lifecycle,HomePage,P
20230403T141112,lifecycle,SettingsPage,P
20230403T141112,lifecycle,StorePage,P
20230403T141112,lifecycle,LeaderboardPage,P
20230403T141112,lifecycle,ProfilePage,P
20230403T141112,lifecycle,ExplorePage,P
20230403T141112,lifecycle,DropPage,R
20230403T141114,lifecycle,DropPage,P
20230403T141115,lifecycle,DropPage,R
20230403T141132,lifecycle,DropPage,P
20230403T141132,lifecycle,PausedPage,R
20230403T141133,lifecycle,DropPage,R
20230403T141133,lifecycle,PausedPage,P
20230403T141133,lifecycle,RootPage,R
20230403T141133,lifecycle,HomePage,R
20230403T141133,lifecycle,SettingsPage,R
20230403T141133,lifecycle,StorePage,R
20230403T141133,lifecycle,LeaderboardPage,R
20230403T141133,lifecycle,ProfilePage,R
20230403T141133,lifecycle,ExplorePage,R
20230403T141133,lifecycle,DropPage,P
20230403T141134,lifecycle,RootPage,P
20230403T141134,lifecycle,HomePage,P
20230403T141134,lifecycle,SettingsPage,P
20230403T141134,lifecycle,StorePage,P
20230403T141134,lifecycle,LeaderboardPage,P
20230403T141134,lifecycle,ProfilePage,P
20230403T141134,lifecycle,ExplorePage,P
20230403T141134,lifecycle,DropPage,R
20230403T141135,lifecycle,DropPage,P
20230403T141135,lifecycle,DropPage,R
20230403T141145,lifecycle,DropPage,P
20230403T141145,lifecycle,OutOfMovesPage,R
20230403T141148,lifecycle,DropPage,R
20230403T141148,lifecycle,OutOfMovesPage,P
20230403T141148,svc,coin,166499,150.0,"oom_dart"
20230403T141152,lifecycle,DropPage,P
20230403T141152,lifecycle,PausedPage,R
20230403T141210,lifecycle,DropPage,R
20230403T141210,lifecycle,PausedPage,P
20230403T141210,lifecycle,RootPage,R
20230403T141210,lifecycle,HomePage,R
20230403T141210,lifecycle,SettingsPage,R
20230403T141210,lifecycle,StorePage,R
20230403T141210,lifecycle,LeaderboardPage,R
20230403T141210,lifecycle,ProfilePage,R
20230403T141210,lifecycle,ExplorePage,R
20230403T141210,lifecycle,DropPage,P
20230403T141554,lifecycle,RootPage,P
20230403T141554,lifecycle,HomePage,P
20230403T141554,lifecycle,SettingsPage,P
20230403T141554,lifecycle,StorePage,P
20230403T141554,lifecycle,LeaderboardPage,P
20230403T141554,lifecycle,ProfilePage,P
20230403T141554,lifecycle,ExplorePage,P
20230403T141554,lifecycle,DropPage,R
20230403T141555,lifecycle,DropPage,P
20230403T141555,lifecycle,DropPage,R
20230403T141613,lifecycle,DropPage,P
20230403T141613,lifecycle,PausedPage,R
20230403T141619,lifecycle,DropPage,R
20230403T141619,lifecycle,PausedPage,P
20230403T141619,lifecycle,RootPage,R
20230403T141619,lifecycle,HomePage,R
20230403T141619,lifecycle,SettingsPage,R
20230403T141619,lifecycle,StorePage,R
20230403T141619,lifecycle,LeaderboardPage,R
20230403T141619,lifecycle,ProfilePage,R
20230403T141619,lifecycle,ExplorePage,R
20230403T141619,lifecycle,DropPage,P
20230403T142018,lifecycle,RootPage,R
20230403T142018,lifecycle,HomePage,R
20230403T142018,lifecycle,SettingsPage,R
20230403T142018,lifecycle,StorePage,R
20230403T142018,lifecycle,LeaderboardPage,R
20230403T142018,lifecycle,ProfilePage,R
20230403T142018,lifecycle,ExplorePage,R
20230403T142034,lifecycle,RootPage,P
20230403T142035,lifecycle,HomePage,P
20230403T142035,lifecycle,SettingsPage,P
20230403T142035,lifecycle,StorePage,P
20230403T142035,lifecycle,LeaderboardPage,P
20230403T142035,lifecycle,ProfilePage,P
20230403T142035,lifecycle,ExplorePage,P
20230403T142035,lifecycle,DropPage,R
20230403T142036,lifecycle,DropPage,P
20230403T142038,lifecycle,DropPage,R
20230403T142051,lifecycle,DropPage,P
20230403T142051,lifecycle,PausedPage,R
20230403T142112,lifecycle,DropPage,R
20230403T142112,lifecycle,PausedPage,P
20230403T142115,lifecycle,DropPage,P
20230403T142115,lifecycle,PausedPage,R
20230403T142117,lifecycle,PausedPage,P
20230403T142119,lifecycle,DropPage,R
20230403T142122,lifecycle,DropPage,P
20230403T142122,lifecycle,PausedPage,R
20230403T142123,lifecycle,DropPage,R
20230403T142123,lifecycle,PausedPage,P
20230403T142123,lifecycle,RootPage,R
20230403T142123,lifecycle,HomePage,R
20230403T142123,lifecycle,SettingsPage,R
20230403T142123,lifecycle,StorePage,R
20230403T142123,lifecycle,LeaderboardPage,R
20230403T142123,lifecycle,ProfilePage,R
20230403T142123,lifecycle,ExplorePage,R
20230403T142123,lifecycle,DropPage,P
20230403T142124,lifecycle,RootPage,P
20230403T142124,lifecycle,HomePage,P
20230403T142124,lifecycle,SettingsPage,P
20230403T142124,lifecycle,StorePage,P
20230403T142124,lifecycle,LeaderboardPage,P
20230403T142124,lifecycle,ProfilePage,P
20230403T142124,lifecycle,ExplorePage,P
20230403T142124,lifecycle,DropPage,R
20230403T142124,lifecycle,DropPage,P
20230403T142125,lifecycle,DropPage,R
20230403T142127,lifecycle,DropPage,P
20230403T142127,lifecycle,OutOfMovesPage,R
20230403T142128,lifecycle,OutOfMovesPage,P
20230403T142129,lifecycle,DropPage,R
20230403T142131,lifecycle,DropPage,P
20230403T142131,lifecycle,PausedPage,R
20230403T142132,lifecycle,PausedPage,P
20230403T142134,lifecycle,DropPage,R
20230403T142135,lifecycle,DropPage,P
20230403T142135,lifecycle,PausedPage,R
20230403T142136,lifecycle,DropPage,R
20230403T142136,lifecycle,PausedPage,P
20230403T142137,lifecycle,RootPage,R
20230403T142137,lifecycle,HomePage,R
20230403T142137,lifecycle,SettingsPage,R
20230403T142137,lifecycle,StorePage,R
20230403T142137,lifecycle,LeaderboardPage,R
20230403T142137,lifecycle,ProfilePage,R
20230403T142137,lifecycle,ExplorePage,R
20230403T142137,lifecycle,DropPage,P
20230403T142144,lifecycle,RootPage,P
20230403T142144,lifecycle,HomePage,P
20230403T142144,lifecycle,SettingsPage,P
20230403T142144,lifecycle,StorePage,P
20230403T142144,lifecycle,LeaderboardPage,P
20230403T142144,lifecycle,ProfilePage,P
20230403T142144,lifecycle,ExplorePage,P
20230403T142144,lifecycle,DropPage,R
20230403T142145,lifecycle,DropPage,P
20230403T142147,lifecycle,DropPage,R
20230403T142207,lifecycle,DropPage,P
20230403T142207,lifecycle,PausedPage,R
20230403T142214,lifecycle,DropPage,R
20230403T142214,lifecycle,PausedPage,P
20230403T142223,lifecycle,DropPage,P
20230403T142223,lifecycle,PausedPage,R
20230403T142249,lifecycle,DropPage,R
20230403T142249,lifecycle,PausedPage,P
20230403T142302,lifecycle,DropPage,P
20230403T142302,lifecycle,PausedPage,R
20230403T142314,lifecycle,DropPage,R
20230403T142314,lifecycle,PausedPage,P
20230403T142322,lifecycle,DropPage,P
20230403T142322,lifecycle,PausedPage,R
20230403T144456,lifecycle,RootPage,R
20230403T144457,lifecycle,HomePage,R
20230403T144457,lifecycle,SettingsPage,R
20230403T144457,lifecycle,StorePage,R
20230403T144457,lifecycle,LeaderboardPage,R
20230403T144457,lifecycle,ProfilePage,R
20230403T144457,lifecycle,ExplorePage,R
20230403T145145,lifecycle,RootPage,P
20230403T145145,lifecycle,HomePage,P
20230403T145145,lifecycle,SettingsPage,P
20230403T145145,lifecycle,StorePage,P
20230403T145145,lifecycle,LeaderboardPage,P
20230403T145145,lifecycle,ProfilePage,P
20230403T145145,lifecycle,ExplorePage,P
20230403T145145,lifecycle,DropPage,R
20230403T145146,lifecycle,DropPage,P
20230403T145148,lifecycle,DropPage,R
20230403T145158,lifecycle,DropPage,P
20230403T145158,lifecycle,PausedPage,R
20230403T145304,lifecycle,RootPage,R
20230403T145304,lifecycle,HomePage,R
20230403T145304,lifecycle,SettingsPage,R
20230403T145304,lifecycle,StorePage,R
20230403T145304,lifecycle,LeaderboardPage,R
20230403T145304,lifecycle,ProfilePage,R
20230403T145304,lifecycle,ExplorePage,R
20230403T145310,lifecycle,RootPage,P
20230403T145310,lifecycle,HomePage,P
20230403T145310,lifecycle,SettingsPage,P
20230403T145310,lifecycle,StorePage,P
20230403T145310,lifecycle,LeaderboardPage,P
20230403T145310,lifecycle,ProfilePage,P
20230403T145310,lifecycle,ExplorePage,P
20230403T145310,lifecycle,DropPage,R
20230403T145312,lifecycle,DropPage,P
20230403T145313,lifecycle,DropPage,R
20230403T145323,lifecycle,DropPage,P
20230403T145323,lifecycle,PausedPage,R
20230403T145341,lifecycle,DropPage,R
20230403T145341,lifecycle,PausedPage,P
20230403T145345,lifecycle,DropPage,P
20230403T145345,lifecycle,PausedPage,R
20230403T152057,lifecycle,RootPage,R
20230403T152058,lifecycle,HomePage,R
20230403T152058,lifecycle,SettingsPage,R
20230403T152058,lifecycle,StorePage,R
20230403T152058,lifecycle,LeaderboardPage,R
20230403T152058,lifecycle,ProfilePage,R
20230403T152058,lifecycle,ExplorePage,R
20230403T152224,lifecycle,RootPage,P
20230403T152224,lifecycle,HomePage,P
20230403T152224,lifecycle,SettingsPage,P
20230403T152224,lifecycle,StorePage,P
20230403T152224,lifecycle,LeaderboardPage,P
20230403T152224,lifecycle,ProfilePage,P
20230403T152224,lifecycle,ExplorePage,P
20230403T152224,lifecycle,DropPage,R
20230403T152225,lifecycle,DropPage,P
20230403T152227,lifecycle,DropPage,R
20230403T152309,lifecycle,DropPage,P
20230403T152309,lifecycle,PausedPage,R
20230403T152310,lifecycle,DropPage,R
20230403T152310,lifecycle,PausedPage,P
20230403T152310,lifecycle,RootPage,R
20230403T152310,lifecycle,HomePage,R
20230403T152310,lifecycle,SettingsPage,R
20230403T152310,lifecycle,StorePage,R
20230403T152310,lifecycle,LeaderboardPage,R
20230403T152310,lifecycle,ProfilePage,R
20230403T152310,lifecycle,ExplorePage,R
20230403T152310,lifecycle,DropPage,P
20230403T152710,lifecycle,RootPage,P
20230403T152710,lifecycle,HomePage,P
20230403T152710,lifecycle,SettingsPage,P
20230403T152710,lifecycle,StorePage,P
20230403T152710,lifecycle,LeaderboardPage,P
20230403T152710,lifecycle,ProfilePage,P
20230403T152710,lifecycle,ExplorePage,P
20230403T152710,lifecycle,DropPage,R
20230403T152711,lifecycle,DropPage,P
20230403T152712,lifecycle,DropPage,R
20230403T152724,lifecycle,DropPage,P
20230403T152724,lifecycle,PausedPage,R
20230403T153056,lifecycle,DropPage,R
20230403T153056,lifecycle,PausedPage,P
20230403T153059,lifecycle,DropPage,P
20230403T153059,lifecycle,PausedPage,R
20230403T153100,lifecycle,DropPage,R
20230403T153100,lifecycle,PausedPage,P
20230403T153100,lifecycle,RootPage,R
20230403T153100,lifecycle,HomePage,R
20230403T153100,lifecycle,SettingsPage,R
20230403T153100,lifecycle,StorePage,R
20230403T153100,lifecycle,LeaderboardPage,R
20230403T153100,lifecycle,ProfilePage,R
20230403T153100,lifecycle,ExplorePage,R
20230403T153100,lifecycle,DropPage,P
20230403T153101,lifecycle,RootPage,P
20230403T153101,lifecycle,HomePage,P
20230403T153101,lifecycle,SettingsPage,P
20230403T153101,lifecycle,StorePage,P
20230403T153101,lifecycle,LeaderboardPage,P
20230403T153101,lifecycle,ProfilePage,P
20230403T153101,lifecycle,ExplorePage,P
20230403T153101,lifecycle,DropPage,R
20230403T153102,lifecycle,DropPage,P
20230403T153104,lifecycle,DropPage,R
20230403T153112,lifecycle,DropPage,P
20230403T153112,lifecycle,PausedPage,R
20230403T153112,lifecycle,DropPage,R
20230403T153112,lifecycle,PausedPage,P
20230403T153113,lifecycle,RootPage,R
20230403T153113,lifecycle,HomePage,R
20230403T153113,lifecycle,SettingsPage,R
20230403T153113,lifecycle,StorePage,R
20230403T153113,lifecycle,LeaderboardPage,R
20230403T153113,lifecycle,ProfilePage,R
20230403T153113,lifecycle,ExplorePage,R
20230403T153113,lifecycle,DropPage,P
20230403T153114,lifecycle,RootPage,P
20230403T153114,lifecycle,HomePage,P
20230403T153114,lifecycle,SettingsPage,P
20230403T153114,lifecycle,StorePage,P
20230403T153114,lifecycle,LeaderboardPage,P
20230403T153114,lifecycle,ProfilePage,P
20230403T153114,lifecycle,ExplorePage,P
20230403T153114,lifecycle,DropPage,R
20230403T153114,lifecycle,DropPage,P
20230403T153115,lifecycle,DropPage,R
20230403T153116,lifecycle,DropPage,P
20230403T153116,lifecycle,PausedPage,R
20230403T153117,lifecycle,DropPage,R
20230403T153117,lifecycle,PausedPage,P
20230403T153117,lifecycle,RootPage,R
20230403T153117,lifecycle,HomePage,R
20230403T153117,lifecycle,SettingsPage,R
20230403T153117,lifecycle,StorePage,R
20230403T153117,lifecycle,LeaderboardPage,R
20230403T153117,lifecycle,ProfilePage,R
20230403T153117,lifecycle,ExplorePage,R
20230403T153117,lifecycle,DropPage,P
20230403T155854,lifecycle,RootPage,R
20230403T155854,lifecycle,HomePage,R
20230403T155854,lifecycle,SettingsPage,R
20230403T155854,lifecycle,StorePage,R
20230403T155854,lifecycle,LeaderboardPage,R
20230403T155854,lifecycle,ProfilePage,R
20230403T155854,lifecycle,ExplorePage,R
20230403T155909,lifecycle,RootPage,P
20230403T155909,lifecycle,HomePage,P
20230403T155909,lifecycle,SettingsPage,P
20230403T155909,lifecycle,StorePage,P
20230403T155909,lifecycle,LeaderboardPage,P
20230403T155909,lifecycle,ProfilePage,P
20230403T155909,lifecycle,ExplorePage,P
20230403T155909,lifecycle,DropPage,R
20230403T155910,lifecycle,DropPage,P
20230403T155911,lifecycle,DropPage,R
20230403T155919,lifecycle,DropPage,P
20230403T155919,lifecycle,PausedPage,R
20230403T155920,lifecycle,DropPage,R
20230403T155920,lifecycle,PausedPage,P
20230403T155920,lifecycle,RootPage,R
20230403T155920,lifecycle,HomePage,R
20230403T155920,lifecycle,SettingsPage,R
20230403T155920,lifecycle,StorePage,R
20230403T155920,lifecycle,LeaderboardPage,R
20230403T155920,lifecycle,ProfilePage,R
20230403T155920,lifecycle,ExplorePage,R
20230403T155920,lifecycle,DropPage,P
20230403T174654,lifecycle,RootPage,R
20230403T174654,lifecycle,HomePage,R
20230403T174654,lifecycle,SettingsPage,R
20230403T174654,lifecycle,StorePage,R
20230403T174654,lifecycle,LeaderboardPage,R
20230403T174654,lifecycle,ProfilePage,R
20230403T174654,lifecycle,ExplorePage,R
20230403T200418,lifecycle,RootPage,R
20230403T200418,lifecycle,HomePage,R
20230403T200418,lifecycle,SettingsPage,R
20230403T200418,lifecycle,StorePage,R
20230403T200418,lifecycle,LeaderboardPage,R
20230403T200418,lifecycle,ProfilePage,R
20230403T200418,lifecycle,ExplorePage,R
20230403T200710,lifecycle,RootPage,R
20230403T200710,lifecycle,HomePage,R
20230403T200710,lifecycle,SettingsPage,R
20230403T200710,lifecycle,StorePage,R
20230403T200710,lifecycle,LeaderboardPage,R
20230403T200710,lifecycle,ProfilePage,R
20230403T200710,lifecycle,ExplorePage,R
20230403T200730,lifecycle,RootPage,P
20230403T200730,lifecycle,HomePage,P
20230403T200730,lifecycle,SettingsPage,P
20230403T200730,lifecycle,StorePage,P
20230403T200730,lifecycle,LeaderboardPage,P
20230403T200730,lifecycle,ProfilePage,P
20230403T200730,lifecycle,ExplorePage,P
20230403T200731,lifecycle,RootPage,R
20230403T200731,lifecycle,HomePage,R
20230403T200731,lifecycle,SettingsPage,R
20230403T200731,lifecycle,StorePage,R
20230403T200731,lifecycle,LeaderboardPage,R
20230403T200731,lifecycle,ProfilePage,R
20230403T200731,lifecycle,ExplorePage,R
20230403T200732,lifecycle,RootPage,P
20230403T200732,lifecycle,HomePage,P
20230403T200732,lifecycle,SettingsPage,P
20230403T200732,lifecycle,StorePage,P
20230403T200732,lifecycle,LeaderboardPage,P
20230403T200732,lifecycle,ProfilePage,P
20230403T200732,lifecycle,ExplorePage,P
20230403T200732,lifecycle,DropPage,R
20230403T200734,lifecycle,DropPage,P
20230403T200736,lifecycle,DropPage,R
20230403T200800,lifecycle,DropPage,P
20230403T200800,lifecycle,PausedPage,R
20230403T201101,lifecycle,DropPage,R
20230403T201101,lifecycle,PausedPage,P
20230403T201130,lifecycle,DropPage,P
20230403T201130,lifecycle,PausedPage,R
20230403T201531,lifecycle,DropPage,R
20230403T201531,lifecycle,PausedPage,P
20230403T201532,lifecycle,DropPage,P
20230403T201532,lifecycle,PausedPage,R
20230403T201533,lifecycle,DropPage,R
20230403T201533,lifecycle,PausedPage,P
20230403T201533,lifecycle,RootPage,R
20230403T201533,lifecycle,HomePage,R
20230403T201533,lifecycle,SettingsPage,R
20230403T201533,lifecycle,StorePage,R
20230403T201533,lifecycle,LeaderboardPage,R
20230403T201533,lifecycle,ProfilePage,R
20230403T201533,lifecycle,ExplorePage,R
20230403T201533,lifecycle,DropPage,P
20230403T201534,lifecycle,RootPage,P
20230403T201534,lifecycle,HomePage,P
20230403T201534,lifecycle,SettingsPage,P
20230403T201534,lifecycle,StorePage,P
20230403T201534,lifecycle,LeaderboardPage,P
20230403T201534,lifecycle,ProfilePage,P
20230403T201534,lifecycle,ExplorePage,P
20230403T201534,lifecycle,DropPage,R
20230403T201535,lifecycle,DropPage,P
20230403T201535,lifecycle,DropPage,R
20230403T201538,lifecycle,DropPage,P
20230403T201538,lifecycle,PausedPage,R
20230403T201539,lifecycle,DropPage,R
20230403T201539,lifecycle,PausedPage,P
20230403T201539,lifecycle,RootPage,R
20230403T201539,lifecycle,HomePage,R
20230403T201539,lifecycle,SettingsPage,R
20230403T201539,lifecycle,StorePage,R
20230403T201539,lifecycle,LeaderboardPage,R
20230403T201539,lifecycle,ProfilePage,R
20230403T201539,lifecycle,ExplorePage,R
20230403T201539,lifecycle,DropPage,P
20230403T201745,lifecycle,RootPage,R
20230403T201745,lifecycle,HomePage,R
20230403T201745,lifecycle,SettingsPage,R
20230403T201745,lifecycle,StorePage,R
20230403T201745,lifecycle,LeaderboardPage,R
20230403T201745,lifecycle,ProfilePage,R
20230403T201745,lifecycle,ExplorePage,R
20230403T201937,lifecycle,RootPage,P
20230403T201937,lifecycle,HomePage,P
20230403T201937,lifecycle,SettingsPage,P
20230403T201937,lifecycle,StorePage,P
20230403T201937,lifecycle,LeaderboardPage,P
20230403T201937,lifecycle,ProfilePage,P
20230403T201937,lifecycle,ExplorePage,P
20230403T201939,lifecycle,RootPage,R
20230403T201939,lifecycle,HomePage,R
20230403T201939,lifecycle,SettingsPage,R
20230403T201939,lifecycle,StorePage,R
20230403T201939,lifecycle,LeaderboardPage,R
20230403T201939,lifecycle,ProfilePage,R
20230403T201939,lifecycle,ExplorePage,R
20230403T201940,lifecycle,RootPage,P
20230403T201940,lifecycle,HomePage,P
20230403T201940,lifecycle,SettingsPage,P
20230403T201940,lifecycle,StorePage,P
20230403T201940,lifecycle,LeaderboardPage,P
20230403T201940,lifecycle,ProfilePage,P
20230403T201940,lifecycle,ExplorePage,P
20230403T201940,lifecycle,DropPage,R
20230403T201941,lifecycle,DropPage,P
20230403T201942,lifecycle,DropPage,R
20230403T201944,lifecycle,DropPage,P
20230403T201944,lifecycle,PausedPage,R
20230403T202422,lifecycle,RootPage,R
20230403T202422,lifecycle,HomePage,R
20230403T202422,lifecycle,SettingsPage,R
20230403T202422,lifecycle,StorePage,R
20230403T202422,lifecycle,LeaderboardPage,R
20230403T202422,lifecycle,ProfilePage,R
20230403T202422,lifecycle,ExplorePage,R
20230403T202510,lifecycle,RootPage,P
20230403T202510,lifecycle,HomePage,P
20230403T202510,lifecycle,SettingsPage,P
20230403T202510,lifecycle,StorePage,P
20230403T202510,lifecycle,LeaderboardPage,P
20230403T202510,lifecycle,ProfilePage,P
20230403T202510,lifecycle,ExplorePage,P
20230403T202510,lifecycle,DropPage,R
20230403T202511,lifecycle,DropPage,P
20230403T202512,lifecycle,DropPage,R
20230403T202523,lifecycle,DropPage,P
20230403T202523,lifecycle,PausedPage,R
20230403T202524,lifecycle,DropPage,R
20230403T202524,lifecycle,PausedPage,P
20230403T202524,lifecycle,RootPage,R
20230403T202524,lifecycle,HomePage,R
20230403T202524,lifecycle,SettingsPage,R
20230403T202524,lifecycle,StorePage,R
20230403T202524,lifecycle,LeaderboardPage,R
20230403T202524,lifecycle,ProfilePage,R
20230403T202524,lifecycle,ExplorePage,R
20230403T202524,lifecycle,DropPage,P
20230404T002327,lifecycle,RootPage,P
20230404T002327,lifecycle,HomePage,P
20230404T002327,lifecycle,SettingsPage,P
20230404T002327,lifecycle,StorePage,P
20230404T002327,lifecycle,LeaderboardPage,P
20230404T002327,lifecycle,ProfilePage,P
20230404T002327,lifecycle,ExplorePage,P
20230404T002332,lifecycle,RootPage,R
20230404T002332,lifecycle,HomePage,R
20230404T002332,lifecycle,SettingsPage,R
20230404T002332,lifecycle,StorePage,R
20230404T002332,lifecycle,LeaderboardPage,R
20230404T002332,lifecycle,ProfilePage,R
20230404T002332,lifecycle,ExplorePage,R
20230404T072459,lifecycle,RootPage,P
20230404T072459,lifecycle,HomePage,P
20230404T072459,lifecycle,SettingsPage,P
20230404T072459,lifecycle,StorePage,P
20230404T072459,lifecycle,LeaderboardPage,P
20230404T072459,lifecycle,ProfilePage,P
20230404T072459,lifecycle,ExplorePage,P
20230404T072505,lifecycle,RootPage,R
20230404T072505,lifecycle,HomePage,R
20230404T072505,lifecycle,SettingsPage,R
20230404T072505,lifecycle,StorePage,R
20230404T072505,lifecycle,LeaderboardPage,R
20230404T072505,lifecycle,ProfilePage,R
20230404T072505,lifecycle,ExplorePage,R
20230404T161115,lifecycle,RootPage,R
20230404T161115,lifecycle,HomePage,R
20230404T161115,lifecycle,SettingsPage,R
20230404T161115,lifecycle,StorePage,R
20230404T161115,lifecycle,LeaderboardPage,R
20230404T161115,lifecycle,ProfilePage,R
20230404T161115,lifecycle,ExplorePage,R
20230404T161141,lifecycle,RootPage,P
20230404T161141,lifecycle,HomePage,P
20230404T161141,lifecycle,SettingsPage,P
20230404T161141,lifecycle,StorePage,P
20230404T161141,lifecycle,LeaderboardPage,P
20230404T161141,lifecycle,ProfilePage,P
20230404T161141,lifecycle,ExplorePage,P
20230404T161141,lifecycle,DropPage,R
20230404T161143,lifecycle,DropPage,P
20230404T161144,lifecycle,DropPage,R
20230404T161149,lifecycle,DropPage,P
20230404T161149,lifecycle,PausedPage,R
20230404T161150,lifecycle,DropPage,R
20230404T161150,lifecycle,PausedPage,P
20230404T161150,lifecycle,RootPage,R
20230404T161150,lifecycle,HomePage,R
20230404T161150,lifecycle,SettingsPage,R
20230404T161150,lifecycle,StorePage,R
20230404T161150,lifecycle,LeaderboardPage,R
20230404T161150,lifecycle,ProfilePage,R
20230404T161150,lifecycle,ExplorePage,R
20230404T161150,lifecycle,DropPage,P
20230404T161415,lifecycle,RootPage,R
20230404T161415,lifecycle,HomePage,R
20230404T161415,lifecycle,SettingsPage,R
20230404T161415,lifecycle,StorePage,R
20230404T161415,lifecycle,LeaderboardPage,R
20230404T161415,lifecycle,ProfilePage,R
20230404T161415,lifecycle,ExplorePage,R
20230404T161555,lifecycle,RootPage,P
20230404T161555,lifecycle,HomePage,P
20230404T161555,lifecycle,SettingsPage,P
20230404T161555,lifecycle,StorePage,P
20230404T161555,lifecycle,LeaderboardPage,P
20230404T161555,lifecycle,ProfilePage,P
20230404T161555,lifecycle,ExplorePage,P
20230404T161555,lifecycle,DropPage,R
20230404T161557,lifecycle,DropPage,P
20230404T161558,lifecycle,DropPage,R
20230404T161627,lifecycle,DropPage,P
20230404T161627,lifecycle,OutOfMovesPage,R
20230404T161629,lifecycle,DropPage,R
20230404T161629,lifecycle,OutOfMovesPage,P
20230404T161629,svc,coin,166349,150.0,"oom_dart"
20230404T161629,lifecycle,DropPage,P
20230404T161629,lifecycle,OutOfMovesPage,R
20230404T161631,lifecycle,OutOfMovesPage,P
20230404T161633,lifecycle,OutOfMovesPage,R
20230404T161634,lifecycle,DropPage,R
20230404T161634,lifecycle,OutOfMovesPage,P
20230404T161634,svc,coin,166199,150.0,"oom_dart"
20230404T161644,lifecycle,DropPage,P
20230404T161644,lifecycle,PausedPage,R
20230404T161710,lifecycle,PausedPage,P
20230404T161711,lifecycle,DropPage,R
20230404T161712,lifecycle,DropPage,P
20230404T161713,lifecycle,PausedPage,R
20230404T161713,lifecycle,DropPage,R
20230404T161713,lifecycle,PausedPage,P
20230404T161713,lifecycle,RootPage,R
20230404T161713,lifecycle,HomePage,R
20230404T161713,lifecycle,SettingsPage,R
20230404T161713,lifecycle,StorePage,R
20230404T161713,lifecycle,LeaderboardPage,R
20230404T161713,lifecycle,ProfilePage,R
20230404T161713,lifecycle,ExplorePage,R
20230404T161713,lifecycle,DropPage,P
20230404T161714,lifecycle,RootPage,P
20230404T161714,lifecycle,HomePage,P
20230404T161714,lifecycle,SettingsPage,P
20230404T161714,lifecycle,StorePage,P
20230404T161714,lifecycle,LeaderboardPage,P
20230404T161714,lifecycle,ProfilePage,P
20230404T161714,lifecycle,ExplorePage,P
20230404T161714,lifecycle,DropPage,R
20230404T161715,lifecycle,DropPage,P
20230404T161716,lifecycle,DropPage,R
20230404T161717,lifecycle,DropPage,P
20230404T161717,lifecycle,PausedPage,R
20230404T161717,lifecycle,DropPage,R
20230404T161717,lifecycle,PausedPage,P
20230404T161718,lifecycle,DropPage,P
20230404T161718,lifecycle,OutOfMovesPage,R
20230404T161719,lifecycle,OutOfMovesPage,P
20230404T161720,lifecycle,DropPage,R
20230404T161722,lifecycle,DropPage,P
20230404T161722,lifecycle,PausedPage,R
20230404T161724,lifecycle,DropPage,R
20230404T161724,lifecycle,PausedPage,P
20230404T161724,lifecycle,RootPage,R
20230404T161724,lifecycle,HomePage,R
20230404T161724,lifecycle,SettingsPage,R
20230404T161724,lifecycle,StorePage,R
20230404T161724,lifecycle,LeaderboardPage,R
20230404T161724,lifecycle,ProfilePage,R
20230404T161724,lifecycle,ExplorePage,R
20230404T161724,lifecycle,DropPage,P
20230404T161925,lifecycle,RootPage,P
20230404T161925,lifecycle,HomePage,P
20230404T161925,lifecycle,SettingsPage,P
20230404T161925,lifecycle,StorePage,P
20230404T161925,lifecycle,LeaderboardPage,P
20230404T161925,lifecycle,ProfilePage,P
20230404T161925,lifecycle,ExplorePage,P
20230404T161925,lifecycle,DropPage,R
20230404T161926,lifecycle,DropPage,P
20230404T161927,lifecycle,DropPage,R
20230404T161934,lifecycle,DropPage,P
20230404T161934,lifecycle,OutOfMovesPage,R
20230404T161936,lifecycle,DropPage,R
20230404T161936,lifecycle,OutOfMovesPage,P
20230404T161936,svc,coin,166049,150.0,"oom_dart"
20230404T161936,lifecycle,DropPage,P
20230404T161936,lifecycle,OutOfMovesPage,R
20230404T161940,lifecycle,DropPage,R
20230404T161940,lifecycle,OutOfMovesPage,P
20230404T161940,svc,coin,165899,150.0,"oom_dart"
20230404T161940,lifecycle,DropPage,P
20230404T161940,lifecycle,OutOfMovesPage,R
20230404T161941,lifecycle,DropPage,R
20230404T161941,lifecycle,OutOfMovesPage,P
20230404T161941,svc,coin,165749,150.0,"oom_dart"
20230404T161941,lifecycle,DropPage,P
20230404T161941,lifecycle,OutOfMovesPage,R
20230404T161943,lifecycle,OutOfMovesPage,P
20230404T161944,lifecycle,OutOfMovesPage,R
20230404T161945,lifecycle,DropPage,R
20230404T161945,lifecycle,OutOfMovesPage,P
20230404T161945,svc,coin,165599,150.0,"oom_dart"
20230404T161954,lifecycle,DropPage,P
20230404T161955,applife,B
20230404T161955,applife,B
20230404T161955,applife,B
20230404T161955,applife,B
20230404T161955,applife,B
20230404T161955,applife,B
20230404T161955,applife,B
20230404T161955,applife,B
